C51 COMPILER V9.51   MOTORS_MAIN                                                           02/28/2025 18:32:06 PAGE 1   


C51 COMPILER V9.51, COMPILATION OF MODULE MOTORS_MAIN
OBJECT MODULE PLACED IN ..\..\Objects\Motors\motors_main.obj
COMPILER INVOKED BY: C:\Keil\C51\BIN\C51.EXE motors_main.c OMF2 BROWSE DEBUG OBJECT(..\..\Objects\Motors\motors_main.obj
                    -)

line level    source

   1          #include <REGX52.H>
   2          
   3          
   4          // --- Definitions ---
   5          #define MAX 255
   6          #define MIN 0
   7          
   8          sbit Bulb1_IN = 0xA1;
   9          sbit Bulb2_IN = 0xA2;
  10          sbit Motor_IN1 = 0xA5;
  11          sbit Motor_IN2 = 0xA6;
  12          
  13          
  14          
  15          // --- Function Declarations ---
  16          void init(void);
  17          
  18          // serialcomms_slave.c
  19          extern void SendSlave(char data_send);
  20          extern void InitSerial(void);
  21          
  22          
  23          // --- Global Variables ---
  24          unsigned char data PWM_bulbs; // 0 -> 100% speed --> 255 0% speed
  25          unsigned char data PWM_motor;
  26          unsigned char data Suwak_bulbs;
  27          unsigned char data Suwak_motor;
  28          unsigned char data motor_rotations;
  29          bit bulb_one;
  30          bit bulb_two;
  31          bit motor_clockwise;
  32          
  33          // serialcomms_slave.c
  34          extern unsigned char data RECV;
  35          extern bit data RECF;
  36          
  37          // storage_slave.c
  38          extern void AccessStorage(unsigned char addr);
  39          
  40          
  41          // --- Main Function ---
  42          void main(void) {
  43   1              init();
  44   1              while (1) {
  45   2                      if (!(bulb_one | bulb_two)) PWM_bulbs = MIN;
  46   2                      if (!motor_rotations) PWM_motor = MIN;
  47   2                      if (RECF) {
  48   3                              if (RECV & 0x80) 
  49   3                              {
  50   4                                      AccessStorage(RECV);
  51   4                                      RECV = 0;
  52   4                                      RECF = 0;
  53   4                                      continue;
  54   4                              }
C51 COMPILER V9.51   MOTORS_MAIN                                                           02/28/2025 18:32:06 PAGE 2   

  55   3      
  56   3                              switch (RECV & 0x0F) {
  57   4                                      case 0x01:
  58   4                                              PWM_bulbs = (RECV >> 4) * 0x24;
  59   4                                              bulb_one = 1;
  60   4                                              bulb_two = 1;
  61   4                                      break;
  62   4                                      case 0x02:
  63   4                                              PWM_motor = (RECV >> 4) * 0x24;
  64   4                                              motor_rotations = 2;
  65   4                                      break;
  66   4                              }
  67   3                              RECV = 0;
  68   3                              RECF = 0;
  69   3                      }
  70   2              }
  71   1      }
  72          
  73          
  74          // --- Function Definitions ---
  75          void init(void) {
  76   1              // INTERRUPTS
  77   1              EX0 = 1; // e/d INT0 interrupts
  78   1              EX1 = 0; // e/d INT1 interrupts
  79   1              ET0 = 1; // e/d T0 interrupts
  80   1              ET1 = 1; // e/d T1 interrupts
  81   1              ET2 = 1; // e/d T2 interrupts
  82   1              
  83   1              IE0 = 1; // falling edge activation
  84   1              IE1 = 1; // falling edge activation
  85   1              IT0 = 1; // falling edge activation
  86   1              IT1 = 1; //     falling edge activation
  87   1              
  88   1              TMOD &= 0x00;
  89   1              TMOD |= 0x11;
  90   1              TR1 = 0; 
  91   1              TR0 = 0;
  92   1              TH0 = 0xFF;
  93   1              TL0 = 0xF0;
  94   1              TH1 = 0xFF;
  95   1              TL1 = 0xF0;
  96   1              
  97   1              InitSerial();
  98   1              
  99   1              Motor_IN1 = Motor_IN2 = Bulb1_IN = Motor_IN1 = 0;
 100   1              Suwak_bulbs = 0;
 101   1              Suwak_motor = 0;
 102   1              
 103   1              PWM_bulbs = MIN;
 104   1              PWM_motor = MIN; 
 105   1              
 106   1              motor_clockwise = 0;
 107   1              TR0 = 1;
 108   1              TR1 = 1;
 109   1              
 110   1              EA = 1; // enable interrupts
 111   1      }
 112          
 113          
 114          // --- Interrupt Handlers ---
 115          // Bulbs PWM
 116          void Timer0_ISR() interrupt TF0_VECTOR
C51 COMPILER V9.51   MOTORS_MAIN                                                           02/28/2025 18:32:06 PAGE 3   

 117          {
 118   1              TR0 = 0;
 119   1              Suwak_bulbs++;
 120   1              if (PWM_bulbs == MIN) {
 121   2                      Bulb1_IN = Bulb2_IN = 0;
 122   2              } else {
 123   2                      if (Suwak_bulbs <= PWM_bulbs) {
 124   3                              if (bulb_one) Bulb1_IN = 1;
 125   3                              if (bulb_two) Bulb2_IN = 1;
 126   3                      } else {
 127   3                              Bulb1_IN = 0;
 128   3                              Bulb2_IN = 0;
 129   3                      }
 130   2              }
 131   1              if (Suwak_bulbs == MAX) Suwak_bulbs = MIN;
 132   1              TH0 = 0xFF;
 133   1              TL0 = 0xF0;
 134   1              TR0 = 1;
 135   1      }
 136          
 137          // Motor PWM
 138          void Timer1_ISR() interrupt TF1_VECTOR
 139          {
 140   1              TR1 = 0;
 141   1              Suwak_motor++;
 142   1              if (PWM_motor == MIN) {
 143   2                      Motor_IN1 = Motor_IN2 = 0;
 144   2              } else {
 145   2                      if (Suwak_motor <= PWM_motor) {
 146   3                              if (motor_clockwise) Motor_IN1 = 1;
 147   3                              else Motor_IN2 = 1;
 148   3                      } else {
 149   3                              if (motor_clockwise) Motor_IN1 = 0;
 150   3                              else Motor_IN2 = 0;
 151   3                      }
 152   2              }
 153   1              if (Suwak_motor == MAX) Suwak_motor = MIN;
 154   1              TH1 = 0xFF;
 155   1              TL1 = 0xF0;
 156   1              TR1 = 1;
 157   1      }
 158          
 159          // Motor rotation interrupt
 160          void INT0_ISR () interrupt IE0_VECTOR
 161          {
 162   1              bulb_one = 0;
 163   1              bulb_two = 0;
 164   1              if (motor_rotations) motor_rotations--;
 165   1      }


MODULE INFORMATION:   STATIC OVERLAYABLE
   CODE SIZE        =    307    ----
   CONSTANT SIZE    =   ----    ----
   XDATA SIZE       =   ----    ----
   PDATA SIZE       =   ----    ----
   DATA SIZE        =      5    ----
   IDATA SIZE       =   ----    ----
   BIT SIZE         =      3    ----
   EDATA SIZE       =   ----    ----
   HDATA SIZE       =   ----    ----
   XDATA CONST SIZE =   ----    ----
C51 COMPILER V9.51   MOTORS_MAIN                                                           02/28/2025 18:32:06 PAGE 4   

   FAR CONST SIZE   =   ----    ----
END OF MODULE INFORMATION.


C51 COMPILATION COMPLETE.  0 WARNING(S),  0 ERROR(S)
