C51 COMPILER V9.51   SERIALCOMMS_SLAVE                                                     02/28/2025 18:31:57 PAGE 1   


C51 COMPILER V9.51, COMPILATION OF MODULE SERIALCOMMS_SLAVE
OBJECT MODULE PLACED IN ..\..\Objects\7 Segment Display\serialcomms_slave.obj
COMPILER INVOKED BY: C:\Keil\C51\BIN\C51.EXE serialcomms_slave.c OMF2 BROWSE DEBUG OBJECT(..\..\Objects\7 Segment Displa
                    -y\serialcomms_slave.obj)

line level    source

   1          #include <REGX52.H>
   2          
   3          // Address of this slave controller
   4          #define SADDR 0x02
   5          
   6          // --- Function Declarations ---
   7          void SendSlave(char send_data);
   8          void InitSerial(void);
   9          
  10          void Serial_ISR(void);
  11          
  12          
  13          // --- Global Variables ---
  14          unsigned char RECV;
  15          bit RECF;
  16          bit SENF;
  17          
  18          
  19          // --- Function Definitions ---
  20          void SendSlave(char send_data) {
  21   1              P3_4 = 1;
  22   1              TI = 0;
  23   1              TB8 = 0;
  24   1              SBUF = send_data;
  25   1      }
  26          
  27          void InitSerial(void) {
  28   1              RECF = 0;
  29   1              RECV = 0;
  30   1              // SERIAL PORT (uses T2)
  31   1              P3_4 = 0;
  32   1              SCON = 0xF0; // SM2 = 1 for slave controller
  33   1              T2CON = 0x30;
  34   1              TH2 = RCAP2H = 0xFF;
  35   1              TL2 = RCAP2L = 0xDC;
  36   1              ES = 1;
  37   1              TR2 = 1;
  38   1              TI = 0;
  39   1              PS = 1; 
  40   1      }
  41          
  42          
  43          // --- Interrupt Handlers ---
  44          void Serial_ISR(void) interrupt 4
  45          {
  46   1              if (TI) {
  47   2                      TI = 0;
  48   2                      P3_4 = 0;
  49   2                      SENF = 1;
  50   2              } else {
  51   2                      RECV = SBUF;
  52   2                      if (SM2 && RECV == SADDR) {
  53   3                              RECV = 0;
  54   3                              SM2 = 0;
C51 COMPILER V9.51   SERIALCOMMS_SLAVE                                                     02/28/2025 18:31:57 PAGE 2   

  55   3                      } else if (!SM2) {
  56   3                              RECF = 1;
  57   3                              SM2 = 1;
  58   3                      }
  59   2                      RI = 0;
  60   2              }
  61   1      }


MODULE INFORMATION:   STATIC OVERLAYABLE
   CODE SIZE        =     93    ----
   CONSTANT SIZE    =   ----    ----
   XDATA SIZE       =   ----    ----
   PDATA SIZE       =   ----    ----
   DATA SIZE        =      1    ----
   IDATA SIZE       =   ----    ----
   BIT SIZE         =      2    ----
   EDATA SIZE       =   ----    ----
   HDATA SIZE       =   ----    ----
   XDATA CONST SIZE =   ----    ----
   FAR CONST SIZE   =   ----    ----
END OF MODULE INFORMATION.


C51 COMPILATION COMPLETE.  0 WARNING(S),  0 ERROR(S)
