C51 COMPILER V9.51   EARTH_DEFENSE                                                         02/28/2025 18:45:57 PAGE 1   


C51 COMPILER V9.51, COMPILATION OF MODULE EARTH_DEFENSE
OBJECT MODULE PLACED IN ..\..\Objects\LCD Display\earth_defense.obj
COMPILER INVOKED BY: C:\Keil\C51\BIN\C51.EXE earth_defense.c OMF2 BROWSE DEBUG OBJECT(..\..\Objects\LCD Display\earth_de
                    -fense.obj)

line level    source

   1          #include "addresses.h"
   2          
   3          sfr TL1 = 0x8B;
   4          sfr TH1 = 0x8D;
   5          
   6          // --- Definitions ---
   7          #define ED_EMPTY ' '
   8          #define ED_ENEMY_ONE 0
   9          #define ED_ENEMY_TWO 1
  10          #define ED_PLAYER 2
  11          #define ED_EARTH_UL 3
  12          #define ED_EARTH_UR 4
  13          #define ED_EARTH_DL 5
  14          #define ED_EARTH_DR 6
  15          #define ED_EXPLOSION 7
  16          #define ED_MISSILE '-'
  17          
  18          
  19          // --- Function Declarations ---
  20          void ED_MovePlayer(unsigned char pressed_key);
  21          void ED_SpawnMissile(unsigned char pressed_key);
  22          void ED_MoveMissile(bit left);
  23          void ED_MoveEnemies(bit left);
  24          void ED_SpawnEnemies(void);
  25          
  26          // lcddisp_main.c
  27          extern void Sleep(unsigned int time);
  28          extern unsigned char Rand(unsigned char seed);
  29          
  30          // lcd.c
  31          extern void LCD_NewCharacter(char pixels, unsigned char row, unsigned char addr);
  32          extern void LCD_SetScreen(char *new_screen);
  33          extern void LCD_DisplayScreen(void);
  34          
  35          // serialcomms_master.c
  36          extern void SendToSlave(char slave_addr, char send_data);
  37          extern void WaitForResponse(void);
  38          extern void WaitForSend(void);
  39          
  40          // storage_master.c
  41          void LoadCharacters(unsigned char slave_addr, unsigned char id);
  42          void LoadScreen(unsigned char slave_addr, unsigned char id, bit alt_scr, bit show_loading);
  43          
  44          
  45          // --- Global Variables ---
  46          bit ED_GameLoop;
  47          unsigned char data ED_difficulty;
  48          
  49          // lcddisp_main.c
  50          extern bit enable_haptics;
  51          
  52          // lcd.c
  53          extern char data Screen[];
  54          
C51 COMPILER V9.51   EARTH_DEFENSE                                                         02/28/2025 18:45:57 PAGE 2   

  55          // serialcomms_master.c
  56          extern unsigned char data RECV;
  57          extern bit RECF;
  58          
  59          
  60          // EARTH DEFENSE CHARACTERS
  61          // 0. Character (ED_ENEMY_TWO)
  62          // ----| ----- |----
  63          //  000|       |0x00
  64          //  000|       |0x00 
  65          //  000| 11    |0x18
  66          //  000| 11111 |0x1F
  67          //  000| 11    |0x18
  68          //  000|       |0x00
  69          //  000|       |0x00
  70          // ==================
  71          // 1. Character (ED_ENEMY_ONE) -> animated //ToDo
  72          // ----| ----- |----
  73          //  000|       |0x00
  74          //  000|  111  |0x0E 
  75          //  000|  1 1  |0x0A
  76          //  000| 11111 |0x1F
  77          //  000| 11111 |0x1F
  78          //  000|       |0x00
  79          //  000|       |0x00
  80          // ==================
  81          // 2. Character (ED_PLAYER)
  82          // ----| ----- |----
  83          //  000|   1   |0x04
  84          //  000|  111  |0x0E
  85          //  000|  111  |0x1E 
  86          //  000| 1 1 1 |0x15
  87          //  000|  111  |0x0E
  88          //  000|  111  |0x0E
  89          //  000|   1   |0x04
  90          // ==================
  91          // 3. Character (ED_EARTH_UL)
  92          // ----| ----- |----
  93          //  000|       |0x00 
  94          //  000|       |0x00 
  95          //  000|   111 |0x07
  96          //  000|  1111 |0x0F
  97          //  000| 11111 |0x1F
  98          //  000| 11111 |0x1F
  99          //  000| 11111 |0x1F
 100          // ==================
 101          // 4. Character (ED_EARTH_UR)
 102          // ----| ----- |----
 103          //  000|       |0x00
 104          //  000|       |0x00 
 105          //  000| 111   |0x1C
 106          //  000| 1111  |0x1E
 107          //  000| 11111 |0x1F
 108          //  000| 11111 |0x1F
 109          //  000| 11111 |0x1F
 110          // ==================
 111          // 5. Character (ED_EARTH_DL)
 112          // ----| ----- |----
 113          //  000| 11111 |0x1F
 114          //  000| 11111 |0x1F 
 115          //  000| 11111 |0x1F
 116          //  000|  1111 |0x0F
C51 COMPILER V9.51   EARTH_DEFENSE                                                         02/28/2025 18:45:57 PAGE 3   

 117          //  000|   111 |0x07
 118          //  000|       |0x00
 119          //  000|       |0x00
 120          // ==================
 121          // 6. Character (ED_EARTH_DR)
 122          // ----| ----- |----
 123          //  000| 11111 |0x1F
 124          //  000| 11111 |0x1F 
 125          //  000| 11111 |0x1F
 126          //  000| 1111  |0x1E
 127          //  000| 111   |0x1C
 128          //  000|       |0x00
 129          //  000|       |0x00
 130          // ==================
 131          // 7. Character (ED_EXPLOSION)
 132          // ----| ----- |----
 133          //  000| 1 1 1 |0x15
 134          //  000|  111  |0x0E 
 135          //  000| 11 11 |0x1B
 136          //  000| 1 1 1 |0x15
 137          //  000| 11 11 |0x1B
 138          //  000|  111  |0x0E
 139          //  000| 1 1 1 |0x15
 140          // ==================
 141          
 142          // --- Main Game Loop ---
 143          void StartEarthDefense(void) {
 144   1              unsigned char data pressed_key;
 145   1              unsigned char data tick;
 146   1              unsigned char data game_speed; // the lower the faster
 147   1              ED_difficulty = 8;
 148   1              tick = 0;
 149   1              game_speed = 8;
 150   1              LoadCharacters(ED_STORAGE_ADDRESS, 4);
 151   1              LoadScreen(ED_STORAGE_ADDRESS, 4, 0, 1);
 152   1              
 153   1              LCD_DisplayScreen();
 154   1              ED_GameLoop = 1;
 155   1              while(ED_GameLoop) {
 156   2                      // Each game tick:
 157   2                      // I    - ask keyboard for pressed button
 158   2                      // II   - move player character
 159   2                      // III  - spawn player missile
 160   2                      // IV   - move player missile
 161   2                      // V    - move enemies 
 162   2                      // VI   - spawn enemies
 163   2                      // III - V happends when tick % game_speed == 0
 164   2                      
 165   2                      // I
 166   2                      SendToSlave(KEYPAD_ADDRESS, 0x01);
 167   2                      WaitForResponse();
 168   2                      pressed_key = RECV;
 169   2                      Sleep(10);
 170   2                      
 171   2                      // II
 172   2                      ED_MovePlayer(pressed_key);
 173   2                      
 174   2                      // III
 175   2                      ED_SpawnMissile(pressed_key);
 176   2      
 177   2                      if (tick % game_speed == 0) {
 178   3                              
C51 COMPILER V9.51   EARTH_DEFENSE                                                         02/28/2025 18:45:57 PAGE 4   

 179   3                              // IV
 180   3                              ED_MoveMissile(0);
 181   3                              ED_MoveMissile(1);
 182   3                              
 183   3                              // V
 184   3                              ED_MoveEnemies(0);
 185   3                              ED_MoveEnemies(1);
 186   3                              
 187   3                              // VI
 188   3                              ED_SpawnEnemies();
 189   3                              
 190   3                              tick = 0;
 191   3                      } else {
 192   3                              Sleep(1);
 193   3                      }
 194   2                      
 195   2                      if (!ED_difficulty && game_speed > 3) {
 196   3                              game_speed--;
 197   3                              ED_difficulty = 8;
 198   3                      }                       
 199   2                      tick++;
 200   2                      LCD_DisplayScreen();
 201   2              }
 202   1      }
 203          
 204          
 205          // --- Function Definitions ---
 206          void ED_MovePlayer(unsigned char pressed_key) {
 207   1              unsigned char data i;
 208   1              unsigned char data row;
 209   1              unsigned char data col;
 210   1              unsigned char data incr;
 211   1              
 212   1              switch (pressed_key) {
 213   2                      case '1':
 214   2                              row = 0;
 215   2                              incr = 1;
 216   2                              col = 6;
 217   2                      break;
 218   2                      case '3':
 219   2                              row = 0;
 220   2                              incr = 1;
 221   2                              col = 9;
 222   2                      break;
 223   2                      case '7':
 224   2                              row = 3;
 225   2                              incr = -1;
 226   2                              col = 6;
 227   2                      break;
 228   2                      case '9':
 229   2                              row = 3;
 230   2                              incr = -1;
 231   2                              col = 9;
 232   2                      break;
 233   2                      default:
 234   2                              return;
 235   2              }
 236   1              
 237   1              for (i = 0; i < 3; i++) {
 238   2                      if (Screen[( (row + incr) * 16 ) + col] == ED_PLAYER) {
 239   3                              Screen[( (row + incr) * 16 ) + col] = ED_EMPTY;
 240   3                              Screen[( (row + 0) * 16 ) + col] = ED_PLAYER;
C51 COMPILER V9.51   EARTH_DEFENSE                                                         02/28/2025 18:45:57 PAGE 5   

 241   3                      }
 242   2                      row += incr;
 243   2              }
 244   1      }
 245          
 246          void ED_SpawnMissile(unsigned char pressed_key) {
 247   1              unsigned char data col;
 248   1              unsigned char data row;
 249   1              unsigned char data incr;
 250   1              if (pressed_key == '4') {
 251   2                      col = 5;
 252   2                      incr = 1;
 253   2              } else if (pressed_key == '6') {
 254   2                      col = 10;
 255   2                      incr = -1;
 256   2              } else {
 257   2                      return;
 258   2              }
 259   1              
 260   1              for (row = 0; row < 4; row++) {
 261   2                      if (Screen[(row*16) + col + incr] == ED_PLAYER) 
 262   2                              if (Screen[(row*16) + col] == ED_ENEMY_ONE || Screen[(row*16) + col] == ED_ENEMY_TWO) {
 263   3                                      Screen[(row*16) + col] = ED_EXPLOSION;
 264   3      
 265   3                                      SendToSlave(SCORES_ADDRESS, 0x01);
 266   3                                      if (enable_haptics) SendToSlave(MOTORS_ADDRESS, 0x72);
 267   3                                      if (enable_haptics) SendToSlave(MOTORS_ADDRESS, 0x71);
 268   3                                      ED_difficulty--;
 269   3                              } else {
 270   3                                      Screen[(row*16) + col] = ED_MISSILE;
 271   3                              }
 272   2              }
 273   1      }
 274          
 275          void ED_MoveMissile(bit left) {
 276   1              unsigned char data col;
 277   1              unsigned char data row;
 278   1              unsigned char data cell;
 279   1              unsigned char data i;
 280   1              unsigned char data incr;
 281   1              
 282   1              // if going right
 283   1              incr = -1;
 284   1              col = 15;
 285   1              if (left) {
 286   2                      incr = 1;
 287   2                      col = 0;
 288   2              }
 289   1              for (row = 0; row < 4; row++) {
 290   2                      cell = (row << 4) + col;
 291   2                      // move enemies 
 292   2                      for (i = 0; i < 8; i++) {
 293   3                              if (Screen[cell] == ED_EXPLOSION) Screen[cell] = ED_EMPTY;
 294   3                              
 295   3                              if (Screen[cell + incr] == ED_MISSILE) {
 296   4                                      if (i == 0) Screen[cell] = ED_EMPTY;
 297   4                                      if (Screen[cell] == ED_ENEMY_ONE || Screen[cell] == ED_ENEMY_TWO) {
 298   5                                              Screen[cell] = ED_EXPLOSION;
 299   5                                              
 300   5                                              SendToSlave(SCORES_ADDRESS, 0x01);
 301   5                                              if (enable_haptics) SendToSlave(MOTORS_ADDRESS, 0x02 | ((0x07 - i) << 4));
 302   5                                              if (enable_haptics) SendToSlave(MOTORS_ADDRESS, 0x01 | ((0x07 - i) << 4));
C51 COMPILER V9.51   EARTH_DEFENSE                                                         02/28/2025 18:45:57 PAGE 6   

 303   5                                              ED_difficulty--;
 304   5                                              
 305   5                                      } else {
 306   5                                              Screen[cell] = Screen[cell + incr];
 307   5                                      }
 308   4                                      Screen[cell + incr] = ED_EMPTY;
 309   4                              }
 310   3                              cell += incr;
 311   3                      }
 312   2              }
 313   1      }
 314          
 315          void ED_MoveEnemies(bit left) {
 316   1              unsigned char data col;
 317   1              unsigned char data row;
 318   1              unsigned char data cell;
 319   1              unsigned char data i;
 320   1              unsigned char data incr;
 321   1              
 322   1              // if going right
 323   1              incr = 1;
 324   1              col = 8;
 325   1              if (left) {
 326   2                      incr = -1;
 327   2                      col = 7;
 328   2              }
 329   1              for (row = 0; row < 4; row++) {
 330   2                      cell = (row << 4) + col;
 331   2                      // move enemies 
 332   2                      for (i = 0; i < 7; i++) {
 333   3                              if (Screen[cell + incr] == ED_ENEMY_TWO || Screen[cell + incr] == ED_ENEMY_ONE) {
 334   4                                      if (Screen[cell] == ED_PLAYER || i == 0) {
 335   5                                              if (i == 0) Screen[(((row >> 1) + 1) << 4) + col] = ED_EXPLOSION;
 336   5                                              else Screen[cell] = ED_EXPLOSION;
 337   5                                              ED_GameLoop = 0;
 338   5                                      } else if (Screen[cell] == ED_MISSILE) {
 339   5                                              Screen[cell] = ED_EXPLOSION;
 340   5                                              
 341   5                                              SendToSlave(SCORES_ADDRESS, 0x01);
 342   5                                              if (enable_haptics) SendToSlave(MOTORS_ADDRESS, 0x02 | ((0x0F - i + 2) << 4));
 343   5                                              if (enable_haptics) SendToSlave(MOTORS_ADDRESS, 0x01 | ((0x0F - i + 2) << 4));
 344   5                                              ED_difficulty--;
 345   5                                              
 346   5                                      } else {
 347   5                                              Screen[cell] = Screen[cell + incr];
 348   5                                      }
 349   4                                      Screen[cell + incr] = ED_EMPTY;
 350   4                              }
 351   3                              cell += incr;
 352   3                      }
 353   2              }
 354   1      }
 355          
 356          void ED_SpawnEnemies(void) {
 357   1              unsigned char data row;
 358   1              unsigned char data val;
 359   1              
 360   1              for (row = 0; row < 4; row++) {
 361   2                      val = Rand(TL1);
 362   2                      Screen[(row * 16) + 15] = ED_EMPTY;
 363   2                      Screen[(row * 16) + 15] = val % 11 == 0 ? ED_ENEMY_TWO : ED_EMPTY;
 364   2              }
C51 COMPILER V9.51   EARTH_DEFENSE                                                         02/28/2025 18:45:57 PAGE 7   

 365   1              for (row = 0; row < 4; row++) {
 366   2                      val = Rand(TL1);
 367   2                      Screen[(row * 16)] = ED_EMPTY;
 368   2                      Screen[(row * 16)] = val % 13 == 0 ? ED_ENEMY_ONE : ED_EMPTY;
 369   2              }
 370   1      }


MODULE INFORMATION:   STATIC OVERLAYABLE
   CODE SIZE        =    865    ----
   CONSTANT SIZE    =   ----    ----
   XDATA SIZE       =   ----    ----
   PDATA SIZE       =   ----    ----
   DATA SIZE        =      1      20
   IDATA SIZE       =   ----    ----
   BIT SIZE         =      1       2
   EDATA SIZE       =   ----    ----
   HDATA SIZE       =   ----    ----
   XDATA CONST SIZE =   ----    ----
   FAR CONST SIZE   =   ----    ----
END OF MODULE INFORMATION.


C51 COMPILATION COMPLETE.  0 WARNING(S),  0 ERROR(S)
