C51 COMPILER V9.51   KEYPAD_MAIN                                                           02/28/2025 18:32:03 PAGE 1   


C51 COMPILER V9.51, COMPILATION OF MODULE KEYPAD_MAIN
OBJECT MODULE PLACED IN ..\..\Objects\Matrix Keypad\keypad_main.obj
COMPILER INVOKED BY: C:\Keil\C51\BIN\C51.EXE keypad_main.c OMF2 BROWSE DEBUG OBJECT(..\..\Objects\Matrix Keypad\keypad_m
                    -ain.obj)

line level    source

   1          #include <REGX52.H>
   2          
   3          
   4          // --- Definitions ---
   5          #define KEYPAD P2
   6          
   7          
   8          // --- Function Declarations ---
   9          void init(void);
  10          unsigned char get_key (unsigned char port);
  11          
  12          // serialcomms_slave.c
  13          extern void SendSlave (unsigned char data_send);
  14          extern void InitSerial (void);
  15          
  16          // storage_slave.c
  17          extern void AccessStorage (unsigned char addr);
  18          
  19          // --- Global Variables ---
  20          // serialcomms_slave.c
  21          extern unsigned char data RECV;
  22          extern bit data RECF;
  23          
  24          
  25          // --- Main Function ---
  26          void main(void) 
  27          {       
  28   1              unsigned char i;
  29   1              unsigned char key_pressed;
  30   1              init();
  31   1              while (1)
  32   1              {
  33   2      
  34   2                      
  35   2                      if (RECF) {
  36   3                              if (RECV & 0x80) 
  37   3                              {
  38   4                                      AccessStorage(RECV);
  39   4                                      RECV = 0;
  40   4                                      RECF = 0;
  41   4                                      continue;
  42   4                              }
  43   3                              
  44   3                              switch (RECV) {
  45   4                                      case 0x01:
  46   4                                              for (i = 0; i < 4; i++)
  47   4                                              {
  48   5                                                      KEYPAD = 0xFF;
  49   5                                                      KEYPAD ^= 0x10 << i;
  50   5                                                      
  51   5                                                      if ((KEYPAD & 0xF) != 0xF) {
  52   6                                                              key_pressed = get_key(KEYPAD);
  53   6                                                      }
  54   5                                              }
C51 COMPILER V9.51   KEYPAD_MAIN                                                           02/28/2025 18:32:03 PAGE 2   

  55   4                                              SendSlave(key_pressed);
  56   4                                              key_pressed = 0;
  57   4                              }
  58   3                              RECF = 0;
  59   3                      }
  60   2              }
  61   1      }
  62          
  63          
  64          // --- Function Definitions ---
  65          unsigned char get_key(unsigned char port)
  66          {
  67   1              switch (port) {
  68   2              case 0xE7: return '1';
  69   2              case 0xEB: return '2';
  70   2              case 0xED: return '3';
  71   2              case 0xD7: return '4';
  72   2              case 0xDB: return '5';
  73   2              case 0xDD: return '6';
  74   2              case 0xB7: return '7';
  75   2              case 0xBB: return '8';
  76   2              case 0xBD: return '9';
  77   2              case 0x77: return '*';
  78   2              case 0x7B: return '0';
  79   2              case 0x7D: return '#';
  80   2              default: return 0;
  81   2              }
  82   1      }
  83          
  84          void init(void) {
  85   1              InitSerial();
  86   1              
  87   1              EA = 1;
  88   1      }


MODULE INFORMATION:   STATIC OVERLAYABLE
   CODE SIZE        =    173    ----
   CONSTANT SIZE    =   ----    ----
   XDATA SIZE       =   ----    ----
   PDATA SIZE       =   ----    ----
   DATA SIZE        =   ----       2
   IDATA SIZE       =   ----    ----
   BIT SIZE         =   ----    ----
   EDATA SIZE       =   ----    ----
   HDATA SIZE       =   ----    ----
   XDATA CONST SIZE =   ----    ----
   FAR CONST SIZE   =   ----    ----
END OF MODULE INFORMATION.


C51 COMPILATION COMPLETE.  0 WARNING(S),  0 ERROR(S)
