C51 COMPILER V9.51   SERIALCOMMS_SLAVE                                                     02/28/2025 18:32:03 PAGE 1   


C51 COMPILER V9.51, COMPILATION OF MODULE SERIALCOMMS_SLAVE
OBJECT MODULE PLACED IN ..\..\Objects\Matrix Keypad\serialcomms_slave.obj
COMPILER INVOKED BY: C:\Keil\C51\BIN\C51.EXE serialcomms_slave.c OMF2 BROWSE DEBUG OBJECT(..\..\Objects\Matrix Keypad\se
                    -rialcomms_slave.obj)

line level    source

   1          #include <REGX52.H>
   2          
   3          // Led indicator - keypad specific
   4          #define LED P0_0
   5          
   6          // Address of this slave controller
   7          #define SADDR 0x01
   8          
   9          // --- Function Declarations ---
  10          void SendSlave(unsigned char send_data);
  11          void InitSerial(void);
  12          
  13          void Serial_ISR(void);
  14          
  15          
  16          // --- Global Variables ---
  17          unsigned char RECV;
  18          bit RECF;
  19          bit SENF;
  20          
  21          
  22          // --- Function Definitions ---
  23          void SendSlave(unsigned char send_data) {
  24   1              P3_4 = 1;
  25   1              TI = 0;
  26   1              TB8 = 0;
  27   1              SBUF = send_data;
  28   1              LED = 1;
  29   1      }
  30          
  31          void InitSerial(void) {
  32   1              RECF = 0;
  33   1              RECV = 0;
  34   1              // SERIAL PORT (uses T2)
  35   1              P3_4 = 0;
  36   1              SCON = 0xF0; // SM2 = 1 for slave controller
  37   1              T2CON = 0x30;
  38   1              TH2 = RCAP2H = 0xFF;
  39   1              TL2 = RCAP2L = 0xDC;
  40   1              ES = 1;
  41   1              TR2 = 1;
  42   1              TI = 0;
  43   1              PS = 1; 
  44   1      }
  45          
  46          
  47          // --- Interrupt Handlers ---
  48          void Serial_ISR(void) interrupt 4
  49          {
  50   1              if (TI) {
  51   2                      TI = 0;
  52   2                      P3_4 = 0;
  53   2                      SENF = 1;
  54   2              } else {
C51 COMPILER V9.51   SERIALCOMMS_SLAVE                                                     02/28/2025 18:32:03 PAGE 2   

  55   2                      RECV = SBUF;
  56   2                      if (SM2 && RECV == SADDR) {
  57   3                              RECV = 0;
  58   3                              SM2 = 0;
  59   3                              LED = 0;
  60   3                      } else if (!SM2) {
  61   3                              RECF = 1;
  62   3                              SM2 = 1;
  63   3                      }
  64   2                      RI = 0;
  65   2              }
  66   1      }


MODULE INFORMATION:   STATIC OVERLAYABLE
   CODE SIZE        =     97    ----
   CONSTANT SIZE    =   ----    ----
   XDATA SIZE       =   ----    ----
   PDATA SIZE       =   ----    ----
   DATA SIZE        =      1    ----
   IDATA SIZE       =   ----    ----
   BIT SIZE         =      2    ----
   EDATA SIZE       =   ----    ----
   HDATA SIZE       =   ----    ----
   XDATA CONST SIZE =   ----    ----
   FAR CONST SIZE   =   ----    ----
END OF MODULE INFORMATION.


C51 COMPILATION COMPLETE.  0 WARNING(S),  0 ERROR(S)
